<?xml version="1.0" encoding="UTF-8"?>
<!-- Generated by org.testng.reporters.JUnitXMLReporter -->
<testsuite ignored="19" hostname="ArunMotoori" failures="0" tests="1" name="Default test" time="7.159" errors="0" timestamp="2024-12-30T16:16:08 IST">
  <testcase classname="tutorialsninja.tests.Search" name="verifySearchInAllEnviornments" time="1.013"/>
  <testcase classname="tutorialsninja.tests.Search" name="verifySearchWithValidProduct" time="0.0">
    <ignored/>
  </testcase> <!-- verifySearchWithValidProduct -->
  <testcase classname="tutorialsninja.tests.Search" name="verifySearchWithNonExistingProduct" time="0.0">
    <ignored/>
  </testcase> <!-- verifySearchWithNonExistingProduct -->
  <testcase classname="tutorialsninja.tests.Search" name="verifySearchFunctionalityHeadingURLAndTitle" time="0.0">
    <ignored/>
  </testcase> <!-- verifySearchFunctionalityHeadingURLAndTitle -->
  <testcase classname="tutorialsninja.tests.Search" name="verifySearchResultingInMultipleProducts" time="0.0">
    <ignored/>
  </testcase> <!-- verifySearchResultingInMultipleProducts -->
  <testcase classname="tutorialsninja.tests.Search" name="verifySearchByUsingParentCategoryAndSearchInSubCategoriesOption" time="0.0">
    <ignored/>
  </testcase> <!-- verifySearchByUsingParentCategoryAndSearchInSubCategoriesOption -->
  <testcase classname="tutorialsninja.tests.Search" name="verifySearchingForProductUsingSearchCriteriaField" time="0.0">
    <ignored/>
  </testcase> <!-- verifySearchingForProductUsingSearchCriteriaField -->
  <testcase classname="tutorialsninja.tests.Search" name="verifyProductInSearchResultsInListViewAndGridView" time="0.0">
    <ignored/>
  </testcase> <!-- verifyProductInSearchResultsInListViewAndGridView -->
  <testcase classname="tutorialsninja.tests.Search" name="verifySearchPageBreadcrumb" time="0.0">
    <ignored/>
  </testcase> <!-- verifySearchPageBreadcrumb -->
  <testcase classname="tutorialsninja.tests.Search" name="verifySortingProductsInSearchResultsPage" time="0.0">
    <ignored/>
  </testcase> <!-- verifySortingProductsInSearchResultsPage -->
  <testcase classname="tutorialsninja.tests.Search" name="verifyMultipleProductsInSearchResultsInListViewAndGridView" time="0.0">
    <ignored/>
  </testcase> <!-- verifyMultipleProductsInSearchResultsInListViewAndGridView -->
  <testcase classname="tutorialsninja.tests.Search" name="verifySearchFieldsPlaceholders" time="0.0">
    <ignored/>
  </testcase> <!-- verifySearchFieldsPlaceholders -->
  <testcase classname="tutorialsninja.tests.Search" name="verifySearchAfterLogin" time="0.0">
    <ignored/>
  </testcase> <!-- verifySearchAfterLogin -->
  <testcase classname="tutorialsninja.tests.Search" name="verifySearchBySelectingSubCategory" time="0.0">
    <ignored/>
  </testcase> <!-- verifySearchBySelectingSubCategory -->
  <testcase classname="tutorialsninja.tests.Search" name="verifySearchingForProductUsingSomeTextInProductDescription" time="0.0">
    <ignored/>
  </testcase> <!-- verifySearchingForProductUsingSomeTextInProductDescription -->
  <testcase classname="tutorialsninja.tests.Search" name="verifyNavigationToProductComparePage" time="0.0">
    <ignored/>
  </testcase> <!-- verifyNavigationToProductComparePage -->
  <testcase classname="tutorialsninja.tests.Search" name="verifySearchWithoutEnteringAnyProduct" time="0.0">
    <ignored/>
  </testcase> <!-- verifySearchWithoutEnteringAnyProduct -->
  <testcase classname="tutorialsninja.tests.Search" name="verifyNavigatingToSearchPageFromSiteMapPage" time="0.0">
    <ignored/>
  </testcase> <!-- verifyNavigatingToSearchPageFromSiteMapPage -->
  <testcase classname="tutorialsninja.tests.Search" name="verifySearchFunctionalityUsageByUsingKeyboardKeys" time="0.0">
    <ignored/>
  </testcase> <!-- verifySearchFunctionalityUsageByUsingKeyboardKeys -->
  <testcase classname="tutorialsninja.tests.Search" name="verifySearchFunctionalityUI" time="0.0">
    <ignored/>
  </testcase> <!-- verifySearchFunctionalityUI -->
</testsuite> <!-- Default test -->
