<?xml version="1.0" encoding="UTF-8"?>
<!-- Generated by org.testng.reporters.JUnitXMLReporter -->
<testsuite ignored="0" hostname="ArunMotoori" failures="0" tests="3" name="Default test" time="33.852" errors="0" timestamp="2024-12-06T18:59:50 IST">
  <testcase classname="tutorialsninja.register.TC_RF_027" name="verifyRegisteringAccountInDifferentTestEnvironments" time="7.408"/>
  <testcase classname="tutorialsninja.register.TC_RF_027" name="verifyRegisteringAccountInDifferentTestEnvironments" time="10.981"/>
  <testcase classname="tutorialsninja.register.TC_RF_027" name="verifyRegisteringAccountInDifferentTestEnvironments" time="15.396"/>
</testsuite> <!-- Default test -->
